{
  "numTotalTests": 3,
  "numFailedTests": 2,
  "testResults": [
    {
      "name": "tests/feature_one.test.ts",
      "assertionResults": [
        {
          "fullName": "feature one passes",
          "title": "passes",
          "status": "passed",
          "failureMessages": []
        },
        {
          "fullName": "feature one fails",
          "title": "fails",
          "status": "failed",
          "failureMessages": [
            "Expected true to be false"
          ]
        }
      ]
    },
    {
      "name": "tests/feature_two.test.ts",
      "assertionResults": [
        {
          "fullName": "feature two fails",
          "title": "fails",
          "status": "failed",
          "failureMessages": [
            "Received: 1",
            "Expected: 2"
          ]
        }
      ]
    }
  ]
}
